<?xml version="1.0" encoding="UTF-8"?>
<persistence version="2.1" xmlns="http://xmlns.jcp.org/xml/ns/persistence" xmlns:xsi="http://www.w3.org/2001/XMLSchema-instance" xsi:schemaLocation="http://xmlns.jcp.org/xml/ns/persistence http://xmlns.jcp.org/xml/ns/persistence/persistence_2_1.xsd">
    <persistence-unit name="WebBaseFrameworkPU" transaction-type="JTA">
        <provider>org.hibernate.ejb.HibernatePersistence</provider>
        <jta-data-source>java:/jboss/datasources/LookupValueDS</jta-data-source>
        <exclude-unlisted-classes>false</exclude-unlisted-classes>
        <shared-cache-mode>ENABLE_SELECTIVE</shared-cache-mode>
        <properties>
            <property name="javax.persistence.schema-generation.database.action" value="drop-and-create"/>
            <property name="javax.persistence.schema-generation.scripts.action" value="drop-and-create"/>
            <property name="javax.persistence.schema-generation.scripts.create-target" value="database-scripts/create-database.sql"/>
            <property name="javax.persistence.schema-generation.scripts.drop-target" value="database-scripts/drop-database.sql"/>
            <property name="hibernate.cache.use_query_cache" value="true"/>
            <property name="hibernate.show_sql" value="true"/>
            <property name="hibernate.format_sql" value="true"/>
        </properties>
    </persistence-unit>
</persistence>
